<?xml version="1.0" encoding="UTF-8"?>
<!-- Generated by org.testng.reporters.JUnitReportReporter -->
<testsuite hostname="Divya" failures="0" tests="2" name="divya.selenium_maven.SeleniumTest" time="0.000" errors="0" timestamp="2022-12-30T14:27:53 CST" skipped="0">
  <testcase classname="divya.selenium_maven.SeleniumTest" name="login" time="0.000"/>
  <system-out/>
  <testcase classname="divya.selenium_maven.SeleniumTest" name="homePage" time="0.000"/>
  <system-out/>
</testsuite> <!-- divya.selenium_maven.SeleniumTest -->
