<?xml version="1.0" encoding="UTF-8"?>
<!-- Generated by org.testng.reporters.JUnitReportReporter -->
<testsuite hostname="Divya" failures="0" tests="1" name="divya.selenium_maven.AppTest" time="0.003" errors="0" timestamp="2022-12-30T14:27:53 CST" skipped="0">
  <testcase classname="divya.selenium_maven.AppTest" name="shouldAnswerWithTrue" time="0.003"/>
  <system-out/>
</testsuite> <!-- divya.selenium_maven.AppTest -->
