<?xml version="1.0" encoding="UTF-8"?>
<!-- Generated by org.testng.reporters.JUnitReportReporter -->
<testsuite hostname="Divya" failures="0" tests="2" name="divya.selenium_maven.APITest" time="0.000" errors="0" timestamp="2023-01-02T17:00:45 CST" skipped="0">
  <testcase classname="divya.selenium_maven.APITest" name="loginApi" time="0.000"/>
  <system-out/>
  <testcase classname="divya.selenium_maven.APITest" name="homePageApi" time="0.000"/>
  <system-out/>
</testsuite> <!-- divya.selenium_maven.APITest -->
